{"level":"error"}
{"level":"error"}
{"level":"error"}
{"level":"error"}
{"level":"error"}
{"level":"error"}
{"kind":"ObjectId","message":"Cast to ObjectId failed for value \"undefined\" (type string) at path \"_id\" for model \"carts\"","name":"CastError","path":"_id","reason":{},"stringValue":"\"undefined\"","value":"undefined","valueType":"string"}
{"kind":"ObjectId","message":"Cast to ObjectId failed for value \"undefined\" (type string) at path \"_id\" for model \"carts\"","name":"CastError","path":"_id","reason":{},"stringValue":"\"undefined\"","value":"undefined","valueType":"string"}
{"kind":"ObjectId","message":"Cast to ObjectId failed for value \"undefined\" (type string) at path \"_id\" for model \"carts\"","name":"CastError","path":"_id","reason":{},"stringValue":"\"undefined\"","value":"undefined","valueType":"string"}
{"kind":"ObjectId","message":"Cast to ObjectId failed for value \"undefined\" (type string) at path \"_id\" for model \"carts\"","name":"CastError","path":"_id","reason":{},"stringValue":"\"undefined\"","value":"undefined","valueType":"string"}
{"level":"error"}
{"kind":"ObjectId","message":"Cast to ObjectId failed for value \"undefined\" (type string) at path \"_id\" for model \"carts\"","name":"CastError","path":"_id","reason":{},"stringValue":"\"undefined\"","value":"undefined","valueType":"string"}
{"level":"error"}
{"level":"error"}
{"level":"error"}
{"level":"error"}
{"level":"error"}
{"kind":"ObjectId","message":"Cast to ObjectId failed for value \"undefined\" (type string) at path \"_id\" for model \"carts\"","name":"CastError","path":"_id","reason":{},"stringValue":"\"undefined\"","value":"undefined","valueType":"string"}
{"kind":"ObjectId","message":"Cast to ObjectId failed for value \"undefined\" (type string) at path \"_id\" for model \"carts\"","name":"CastError","path":"_id","reason":{},"stringValue":"\"undefined\"","value":"undefined","valueType":"string"}
{"kind":"ObjectId","message":"Cast to ObjectId failed for value \"undefined\" (type string) at path \"_id\" for model \"carts\"","name":"CastError","path":"_id","reason":{},"stringValue":"\"undefined\"","value":"undefined","valueType":"string"}
{"kind":"ObjectId","message":"Cast to ObjectId failed for value \"undefined\" (type string) at path \"_id\" for model \"carts\"","name":"CastError","path":"_id","reason":{},"stringValue":"\"undefined\"","value":"undefined","valueType":"string"}
{"code":"ERR_HTTP_HEADERS_SENT","level":"error"}
{"kind":"ObjectId","message":"Cast to ObjectId failed for value \"undefined\" (type string) at path \"_id\" for model \"carts\"","name":"CastError","path":"_id","reason":{},"stringValue":"\"undefined\"","value":"undefined","valueType":"string"}
{"level":"error"}
{"code":"ERR_HTTP_HEADERS_SENT","level":"error"}
{"kind":"ObjectId","message":"Cast to ObjectId failed for value \"undefined\" (type string) at path \"_id\" for model \"carts\"","name":"CastError","path":"_id","reason":{},"stringValue":"\"undefined\"","value":"undefined","valueType":"string"}
{"code":"ERR_HTTP_HEADERS_SENT","level":"error"}
{"kind":"ObjectId","message":"Cast to ObjectId failed for value \"undefined\" (type string) at path \"_id\" for model \"carts\"","name":"CastError","path":"_id","reason":{},"stringValue":"\"undefined\"","value":"undefined","valueType":"string"}
{"level":"error"}
{"kind":"ObjectId","message":"Cast to ObjectId failed for value \"undefined\" (type string) at path \"_id\" for model \"carts\"","name":"CastError","path":"_id","reason":{},"stringValue":"\"undefined\"","value":"undefined","valueType":"string"}
{"code":"ERR_HTTP_HEADERS_SENT","level":"error"}
{"kind":"ObjectId","message":"Cast to ObjectId failed for value \"undefined\" (type string) at path \"_id\" for model \"carts\"","name":"CastError","path":"_id","reason":{},"stringValue":"\"undefined\"","value":"undefined","valueType":"string"}
{"level":"error"}
{"level":"error"}
{"level":"error"}
{"kind":"ObjectId","message":"Cast to ObjectId failed for value \"undefined\" (type string) at path \"_id\" for model \"carts\"","name":"CastError","path":"_id","reason":{},"stringValue":"\"undefined\"","value":"undefined","valueType":"string"}
{"kind":"ObjectId","message":"Cast to ObjectId failed for value \"undefined\" (type string) at path \"_id\" for model \"carts\"","name":"CastError","path":"_id","reason":{},"stringValue":"\"undefined\"","value":"undefined","valueType":"string"}
{"level":"error"}
{"kind":"ObjectId","message":"Cast to ObjectId failed for value \"undefined\" (type string) at path \"_id\" for model \"carts\"","name":"CastError","path":"_id","reason":{},"stringValue":"\"undefined\"","value":"undefined","valueType":"string"}
{"kind":"ObjectId","message":"Cast to ObjectId failed for value \"undefined\" (type string) at path \"_id\" for model \"carts\"","name":"CastError","path":"_id","reason":{},"stringValue":"\"undefined\"","value":"undefined","valueType":"string"}
{"level":"error"}
{"code":"ERR_HTTP_HEADERS_SENT","level":"error"}
{"kind":"ObjectId","message":"Cast to ObjectId failed for value \"undefined\" (type string) at path \"_id\" for model \"carts\"","name":"CastError","path":"_id","reason":{},"stringValue":"\"undefined\"","value":"undefined","valueType":"string"}
{"code":"ERR_HTTP_HEADERS_SENT","level":"error"}
{"code":"ERR_HTTP_HEADERS_SENT","level":"error"}
{"kind":"ObjectId","message":"Cast to ObjectId failed for value \"undefined\" (type string) at path \"_id\" for model \"carts\"","name":"CastError","path":"_id","reason":{},"stringValue":"\"undefined\"","value":"undefined","valueType":"string"}
{"kind":"ObjectId","message":"Cast to ObjectId failed for value \"undefined\" (type string) at path \"_id\" for model \"carts\"","name":"CastError","path":"_id","reason":{},"stringValue":"\"undefined\"","value":"undefined","valueType":"string"}
{"kind":"ObjectId","message":"Cast to ObjectId failed for value \"undefined\" (type string) at path \"_id\" for model \"carts\"","name":"CastError","path":"_id","reason":{},"stringValue":"\"undefined\"","value":"undefined","valueType":"string"}
{"kind":"ObjectId","message":"Cast to ObjectId failed for value \"undefined\" (type string) at path \"_id\" for model \"carts\"","name":"CastError","path":"_id","reason":{},"stringValue":"\"undefined\"","value":"undefined","valueType":"string"}
{"kind":"ObjectId","message":"Cast to ObjectId failed for value \"undefined\" (type string) at path \"_id\" for model \"carts\"","name":"CastError","path":"_id","reason":{},"stringValue":"\"undefined\"","value":"undefined","valueType":"string"}
{"kind":"ObjectId","message":"Cast to ObjectId failed for value \"undefined\" (type string) at path \"_id\" for model \"carts\"","name":"CastError","path":"_id","reason":{},"stringValue":"\"undefined\"","value":"undefined","valueType":"string"}
{"level":"error"}
{"level":"error"}
{"kind":"ObjectId","message":"Cast to ObjectId failed for value \"undefined\" (type string) at path \"_id\" for model \"carts\"","name":"CastError","path":"_id","reason":{},"stringValue":"\"undefined\"","value":"undefined","valueType":"string"}
{"kind":"ObjectId","message":"Cast to ObjectId failed for value \"undefined\" (type string) at path \"_id\" for model \"carts\"","name":"CastError","path":"_id","reason":{},"stringValue":"\"undefined\"","value":"undefined","valueType":"string"}
{"kind":"ObjectId","message":"Cast to ObjectId failed for value \"undefined\" (type string) at path \"_id\" for model \"carts\"","name":"CastError","path":"_id","reason":{},"stringValue":"\"undefined\"","value":"undefined","valueType":"string"}
{"kind":"ObjectId","message":"Cast to ObjectId failed for value \"undefined\" (type string) at path \"_id\" for model \"carts\"","name":"CastError","path":"_id","reason":{},"stringValue":"\"undefined\"","value":"undefined","valueType":"string"}
{"kind":"ObjectId","message":"Cast to ObjectId failed for value \"undefined\" (type string) at path \"_id\" for model \"carts\"","name":"CastError","path":"_id","reason":{},"stringValue":"\"undefined\"","value":"undefined","valueType":"string"}
{"kind":"ObjectId","message":"Cast to ObjectId failed for value \"undefined\" (type string) at path \"_id\" for model \"carts\"","name":"CastError","path":"_id","reason":{},"stringValue":"\"undefined\"","value":"undefined","valueType":"string"}
{"kind":"ObjectId","message":"Cast to ObjectId failed for value \"undefined\" (type string) at path \"_id\" for model \"carts\"","name":"CastError","path":"_id","reason":{},"stringValue":"\"undefined\"","value":"undefined","valueType":"string"}
{"level":"error"}
{"code":"EENVELOPE","command":"DATA","level":"error","message":"Falló el envío de correo para pepito@gmail.com Data command failed: 421-4.3.0 Temporary System Problem. Try again later (10). For more information,\n421-4.3.0 go to\n421 4.3.0  https://support.google.com/a/answer/3221692 ada2fe7eead31-48b8a0b6f4bsm731898137.3 - gsmtp","response":"421-4.3.0 Temporary System Problem. Try again later (10). For more information,\n421-4.3.0 go to\n421 4.3.0  https://support.google.com/a/answer/3221692 ada2fe7eead31-48b8a0b6f4bsm731898137.3 - gsmtp","responseCode":421,"stack":"Error: Data command failed: 421-4.3.0 Temporary System Problem. Try again later (10). For more information,\n421-4.3.0 go to\n421 4.3.0  https://support.google.com/a/answer/3221692 ada2fe7eead31-48b8a0b6f4bsm731898137.3 - gsmtp\n    at SMTPConnection._formatError (C:\\Users\\BIBI\\OneDrive - uniminuto.edu\\Documentos 1\\GitHub\\backend\\ultimos-desafio\\ART\\node_modules\\nodemailer\\lib\\smtp-connection\\index.js:790:19)\n    at SMTPConnection._actionDATA (C:\\Users\\BIBI\\OneDrive - uniminuto.edu\\Documentos 1\\GitHub\\backend\\ultimos-desafio\\ART\\node_modules\\nodemailer\\lib\\smtp-connection\\index.js:1678:34)\n    at SMTPConnection.<anonymous> (C:\\Users\\BIBI\\OneDrive - uniminuto.edu\\Documentos 1\\GitHub\\backend\\ultimos-desafio\\ART\\node_modules\\nodemailer\\lib\\smtp-connection\\index.js:1650:26)\n    at SMTPConnection._processResponse (C:\\Users\\BIBI\\OneDrive - uniminuto.edu\\Documentos 1\\GitHub\\backend\\ultimos-desafio\\ART\\node_modules\\nodemailer\\lib\\smtp-connection\\index.js:969:20)\n    at SMTPConnection._onData (C:\\Users\\BIBI\\OneDrive - uniminuto.edu\\Documentos 1\\GitHub\\backend\\ultimos-desafio\\ART\\node_modules\\nodemailer\\lib\\smtp-connection\\index.js:755:14)\n    at SMTPConnection._onSocketData (C:\\Users\\BIBI\\OneDrive - uniminuto.edu\\Documentos 1\\GitHub\\backend\\ultimos-desafio\\ART\\node_modules\\nodemailer\\lib\\smtp-connection\\index.js:193:44)\n    at TLSSocket.emit (node:events:514:28)\n    at addChunk (node:internal/streams/readable:324:12)\n    at readableAddChunk (node:internal/streams/readable:297:9)\n    at Readable.push (node:internal/streams/readable:234:10)"}
{"code":"ERR_HTTP_HEADERS_SENT","level":"error"}
{"kind":"ObjectId","message":"Cast to ObjectId failed for value \"undefined\" (type string) at path \"_id\" for model \"carts\"","name":"CastError","path":"_id","reason":{},"stringValue":"\"undefined\"","value":"undefined","valueType":"string"}
{"level":"error"}
{"kind":"ObjectId","message":"Cast to ObjectId failed for value \"undefined\" (type string) at path \"_id\" for model \"carts\"","name":"CastError","path":"_id","reason":{},"stringValue":"\"undefined\"","value":"undefined","valueType":"string"}
{"code":"ERR_HTTP_HEADERS_SENT","level":"error"}
{"code":"ERR_HTTP_HEADERS_SENT","level":"error"}
{"kind":"ObjectId","message":"Cast to ObjectId failed for value \"undefined\" (type string) at path \"_id\" for model \"carts\"","name":"CastError","path":"_id","reason":{},"stringValue":"\"undefined\"","value":"undefined","valueType":"string"}
{"level":"error"}
{"kind":"ObjectId","message":"Cast to ObjectId failed for value \"undefined\" (type string) at path \"_id\" for model \"carts\"","name":"CastError","path":"_id","reason":{},"stringValue":"\"undefined\"","value":"undefined","valueType":"string"}
{"kind":"ObjectId","message":"Cast to ObjectId failed for value \"undefined\" (type string) at path \"_id\" for model \"carts\"","name":"CastError","path":"_id","reason":{},"stringValue":"\"undefined\"","value":"undefined","valueType":"string"}
{"level":"error"}
{"code":"ERR_HTTP_HEADERS_SENT","level":"error"}
{"kind":"ObjectId","message":"Cast to ObjectId failed for value \"undefined\" (type string) at path \"_id\" for model \"carts\"","name":"CastError","path":"_id","reason":{},"stringValue":"\"undefined\"","value":"undefined","valueType":"string"}
{"kind":"ObjectId","message":"Cast to ObjectId failed for value \"undefined\" (type string) at path \"_id\" for model \"carts\"","name":"CastError","path":"_id","reason":{},"stringValue":"\"undefined\"","value":"undefined","valueType":"string"}
{"kind":"ObjectId","message":"Cast to ObjectId failed for value \"undefined\" (type string) at path \"_id\" for model \"carts\"","name":"CastError","path":"_id","reason":{},"stringValue":"\"undefined\"","value":"undefined","valueType":"string"}
{"level":"error"}
{"kind":"ObjectId","message":"Cast to ObjectId failed for value \"undefined\" (type string) at path \"_id\" for model \"carts\"","name":"CastError","path":"_id","reason":{},"stringValue":"\"undefined\"","value":"undefined","valueType":"string"}
{"kind":"ObjectId","message":"Cast to ObjectId failed for value \"undefined\" (type string) at path \"_id\" for model \"carts\"","name":"CastError","path":"_id","reason":{},"stringValue":"\"undefined\"","value":"undefined","valueType":"string"}
{"kind":"ObjectId","message":"Cast to ObjectId failed for value \"undefined\" (type string) at path \"_id\" for model \"carts\"","name":"CastError","path":"_id","reason":{},"stringValue":"\"undefined\"","value":"undefined","valueType":"string"}
{"code":"ERR_HTTP_HEADERS_SENT","level":"error"}
{"code":"ERR_HTTP_HEADERS_SENT","level":"error"}
{"code":"ERR_HTTP_HEADERS_SENT","level":"error"}
{"kind":"ObjectId","message":"Cast to ObjectId failed for value \"undefined\" (type string) at path \"_id\" for model \"carts\"","name":"CastError","path":"_id","reason":{},"stringValue":"\"undefined\"","value":"undefined","valueType":"string"}
{"level":"error"}
{"kind":"ObjectId","message":"Cast to ObjectId failed for value \"undefined\" (type string) at path \"_id\" for model \"carts\"","name":"CastError","path":"_id","reason":{},"stringValue":"\"undefined\"","value":"undefined","valueType":"string"}
{"kind":"ObjectId","message":"Cast to ObjectId failed for value \"undefined\" (type string) at path \"_id\" for model \"carts\"","name":"CastError","path":"_id","reason":{},"stringValue":"\"undefined\"","value":"undefined","valueType":"string"}
{"level":"error"}
{"level":"error"}
{"email":"angieforero1722@gmail.com","level":"error","message":"New Password Cannot be equal to Old Password","token":"eyJhbGciOiJIUzI1NiIsInR5cCI6IkpXVCJ9.eyJlbWFpbCI6ImFuZ2llZm9yZXJvMTcyMkBnbWFpbC5jb20iLCJpYXQiOjE3MTcwMzY1MjAsImV4cCI6MTcxNzEyMjkyMH0.a6v5Pzq4oSdR9dTiA53EBujX9WtWA5gN9lH_MOavL1Q"}
{"email":"angieforero1722@gmail.com","level":"error","message":"New Password Cannot be equal to Old Password","token":"eyJhbGciOiJIUzI1NiIsInR5cCI6IkpXVCJ9.eyJlbWFpbCI6ImFuZ2llZm9yZXJvMTcyMkBnbWFpbC5jb20iLCJpYXQiOjE3MTcwMzY1MjAsImV4cCI6MTcxNzEyMjkyMH0.a6v5Pzq4oSdR9dTiA53EBujX9WtWA5gN9lH_MOavL1Q"}
{"email":"angieforero1722@gmail.com","level":"error","message":"New Password Cannot be equal to Old Password","token":"eyJhbGciOiJIUzI1NiIsInR5cCI6IkpXVCJ9.eyJlbWFpbCI6ImFuZ2llZm9yZXJvMTcyMkBnbWFpbC5jb20iLCJpYXQiOjE3MTcwMzY1MjAsImV4cCI6MTcxNzEyMjkyMH0.a6v5Pzq4oSdR9dTiA53EBujX9WtWA5gN9lH_MOavL1Q"}
{"email":"angieforero1722@gmail.com","level":"error","message":"New Password Cannot be equal to Old Password","token":"eyJhbGciOiJIUzI1NiIsInR5cCI6IkpXVCJ9.eyJlbWFpbCI6ImFuZ2llZm9yZXJvMTcyMkBnbWFpbC5jb20iLCJpYXQiOjE3MTcwMzY1MjAsImV4cCI6MTcxNzEyMjkyMH0.a6v5Pzq4oSdR9dTiA53EBujX9WtWA5gN9lH_MOavL1Q"}
{"email":"angieforero1722@gmail.com","level":"error","message":"New Password Cannot be equal to Old Password","token":"eyJhbGciOiJIUzI1NiIsInR5cCI6IkpXVCJ9.eyJlbWFpbCI6ImFuZ2llZm9yZXJvMTcyMkBnbWFpbC5jb20iLCJpYXQiOjE3MTcwMzY1MjAsImV4cCI6MTcxNzEyMjkyMH0.a6v5Pzq4oSdR9dTiA53EBujX9WtWA5gN9lH_MOavL1Q"}
{"email":"angieforero1722@gmail.com","level":"error","message":"New Password Cannot be equal to Old Password","token":"eyJhbGciOiJIUzI1NiIsInR5cCI6IkpXVCJ9.eyJlbWFpbCI6ImFuZ2llZm9yZXJvMTcyMkBnbWFpbC5jb20iLCJpYXQiOjE3MTcwMzY1MjAsImV4cCI6MTcxNzEyMjkyMH0.a6v5Pzq4oSdR9dTiA53EBujX9WtWA5gN9lH_MOavL1Q"}
{"email":"angieforero1722@gmail.com","level":"error","message":"New Password Cannot be equal to Old Password","token":"eyJhbGciOiJIUzI1NiIsInR5cCI6IkpXVCJ9.eyJlbWFpbCI6ImFuZ2llZm9yZXJvMTcyMkBnbWFpbC5jb20iLCJpYXQiOjE3MTcwMzY1MjAsImV4cCI6MTcxNzEyMjkyMH0.a6v5Pzq4oSdR9dTiA53EBujX9WtWA5gN9lH_MOavL1Q"}
{"email":"angieforero1722@gmail.com","level":"error","message":"New Password Cannot be equal to Old Password","token":"eyJhbGciOiJIUzI1NiIsInR5cCI6IkpXVCJ9.eyJlbWFpbCI6ImFuZ2llZm9yZXJvMTcyMkBnbWFpbC5jb20iLCJpYXQiOjE3MTcwMzY1MjAsImV4cCI6MTcxNzEyMjkyMH0.a6v5Pzq4oSdR9dTiA53EBujX9WtWA5gN9lH_MOavL1Q"}
{"email":"angieforero1722@gmail.com","level":"error","message":"New Password Cannot be equal to Old Password","token":"eyJhbGciOiJIUzI1NiIsInR5cCI6IkpXVCJ9.eyJlbWFpbCI6ImFuZ2llZm9yZXJvMTcyMkBnbWFpbC5jb20iLCJpYXQiOjE3MTcwMzY1MjAsImV4cCI6MTcxNzEyMjkyMH0.a6v5Pzq4oSdR9dTiA53EBujX9WtWA5gN9lH_MOavL1Q"}
{"email":"angieforero1722@gmail.com","level":"error","message":"New Password Cannot be equal to Old Password","token":"eyJhbGciOiJIUzI1NiIsInR5cCI6IkpXVCJ9.eyJlbWFpbCI6ImFuZ2llZm9yZXJvMTcyMkBnbWFpbC5jb20iLCJpYXQiOjE3MTcwMzY1MjAsImV4cCI6MTcxNzEyMjkyMH0.a6v5Pzq4oSdR9dTiA53EBujX9WtWA5gN9lH_MOavL1Q"}
{"email":"angieforero1722@gmail.com","level":"error","message":"New Password Cannot be equal to Old Password","token":"eyJhbGciOiJIUzI1NiIsInR5cCI6IkpXVCJ9.eyJlbWFpbCI6ImFuZ2llZm9yZXJvMTcyMkBnbWFpbC5jb20iLCJpYXQiOjE3MTcwMzY1MjAsImV4cCI6MTcxNzEyMjkyMH0.a6v5Pzq4oSdR9dTiA53EBujX9WtWA5gN9lH_MOavL1Q"}
{"email":"angieforero1722@gmail.com","level":"error","message":"New Password Cannot be equal to Old Password","token":"eyJhbGciOiJIUzI1NiIsInR5cCI6IkpXVCJ9.eyJlbWFpbCI6ImFuZ2llZm9yZXJvMTcyMkBnbWFpbC5jb20iLCJpYXQiOjE3MTcwMzY1MjAsImV4cCI6MTcxNzEyMjkyMH0.a6v5Pzq4oSdR9dTiA53EBujX9WtWA5gN9lH_MOavL1Q"}
{"email":"angieforero1722@gmail.com","level":"error","message":"New Password Cannot be equal to Old Password","token":"eyJhbGciOiJIUzI1NiIsInR5cCI6IkpXVCJ9.eyJlbWFpbCI6ImFuZ2llZm9yZXJvMTcyMkBnbWFpbC5jb20iLCJpYXQiOjE3MTcwMzY1MjAsImV4cCI6MTcxNzEyMjkyMH0.a6v5Pzq4oSdR9dTiA53EBujX9WtWA5gN9lH_MOavL1Q"}
{"email":"angieforero1722@gmail.com","level":"error","message":"New Password Cannot be equal to Old Password","token":"eyJhbGciOiJIUzI1NiIsInR5cCI6IkpXVCJ9.eyJlbWFpbCI6ImFuZ2llZm9yZXJvMTcyMkBnbWFpbC5jb20iLCJpYXQiOjE3MTcwMzY1MjAsImV4cCI6MTcxNzEyMjkyMH0.a6v5Pzq4oSdR9dTiA53EBujX9WtWA5gN9lH_MOavL1Q"}
{"email":"angieforero1722@gmail.com","level":"error","message":"New Password Cannot be equal to Old Password","token":"eyJhbGciOiJIUzI1NiIsInR5cCI6IkpXVCJ9.eyJlbWFpbCI6ImFuZ2llZm9yZXJvMTcyMkBnbWFpbC5jb20iLCJpYXQiOjE3MTcwMzY1MjAsImV4cCI6MTcxNzEyMjkyMH0.a6v5Pzq4oSdR9dTiA53EBujX9WtWA5gN9lH_MOavL1Q"}
{"email":"angieforero1722@gmail.com","level":"error","message":"New Password Cannot be equal to Old Password","token":"eyJhbGciOiJIUzI1NiIsInR5cCI6IkpXVCJ9.eyJlbWFpbCI6ImFuZ2llZm9yZXJvMTcyMkBnbWFpbC5jb20iLCJpYXQiOjE3MTcwMzY1MjAsImV4cCI6MTcxNzEyMjkyMH0.a6v5Pzq4oSdR9dTiA53EBujX9WtWA5gN9lH_MOavL1Q"}
{"email":"angieforero1722@gmail.com","level":"error","message":"New Password Cannot be equal to Old Password","token":"eyJhbGciOiJIUzI1NiIsInR5cCI6IkpXVCJ9.eyJlbWFpbCI6ImFuZ2llZm9yZXJvMTcyMkBnbWFpbC5jb20iLCJpYXQiOjE3MTcwMzY1MjAsImV4cCI6MTcxNzEyMjkyMH0.a6v5Pzq4oSdR9dTiA53EBujX9WtWA5gN9lH_MOavL1Q"}
{"kind":"ObjectId","message":"Cast to ObjectId failed for value \"undefined\" (type string) at path \"_id\" for model \"carts\"","name":"CastError","path":"_id","reason":{},"stringValue":"\"undefined\"","value":"undefined","valueType":"string"}
{"kind":"ObjectId","message":"Cast to ObjectId failed for value \"undefined\" (type string) at path \"_id\" for model \"carts\"","name":"CastError","path":"_id","reason":{},"stringValue":"\"undefined\"","value":"undefined","valueType":"string"}
{"kind":"ObjectId","message":"Cast to ObjectId failed for value \"undefined\" (type string) at path \"_id\" for model \"carts\"","name":"CastError","path":"_id","reason":{},"stringValue":"\"undefined\"","value":"undefined","valueType":"string"}
{"kind":"ObjectId","message":"Cast to ObjectId failed for value \"undefined\" (type string) at path \"_id\" for model \"carts\"","name":"CastError","path":"_id","reason":{},"stringValue":"\"undefined\"","value":"undefined","valueType":"string"}
{"level":"error"}
{"kind":"ObjectId","message":"Cast to ObjectId failed for value \"undefined\" (type string) at path \"_id\" for model \"carts\"","name":"CastError","path":"_id","reason":{},"stringValue":"\"undefined\"","value":"undefined","valueType":"string"}
{"kind":"ObjectId","message":"Cast to ObjectId failed for value \"undefined\" (type string) at path \"_id\" for model \"carts\"","name":"CastError","path":"_id","reason":{},"stringValue":"\"undefined\"","value":"undefined","valueType":"string"}
{"kind":"ObjectId","message":"Cast to ObjectId failed for value \"undefined\" (type string) at path \"_id\" for model \"carts\"","name":"CastError","path":"_id","reason":{},"stringValue":"\"undefined\"","value":"undefined","valueType":"string"}
{"kind":"ObjectId","message":"Cast to ObjectId failed for value \"undefined\" (type string) at path \"_id\" for model \"carts\"","name":"CastError","path":"_id","reason":{},"stringValue":"\"undefined\"","value":"undefined","valueType":"string"}
{"kind":"ObjectId","message":"Cast to ObjectId failed for value \"undefined\" (type string) at path \"_id\" for model \"carts\"","name":"CastError","path":"_id","reason":{},"stringValue":"\"undefined\"","value":"undefined","valueType":"string"}
{"kind":"ObjectId","message":"Cast to ObjectId failed for value \"undefined\" (type string) at path \"_id\" for model \"carts\"","name":"CastError","path":"_id","reason":{},"stringValue":"\"undefined\"","value":"undefined","valueType":"string"}
{"kind":"ObjectId","message":"Cast to ObjectId failed for value \"undefined\" (type string) at path \"_id\" for model \"carts\"","name":"CastError","path":"_id","reason":{},"stringValue":"\"undefined\"","value":"undefined","valueType":"string"}
{"kind":"ObjectId","message":"Cast to ObjectId failed for value \"undefined\" (type string) at path \"_id\" for model \"carts\"","name":"CastError","path":"_id","reason":{},"stringValue":"\"undefined\"","value":"undefined","valueType":"string"}
{"kind":"ObjectId","message":"Cast to ObjectId failed for value \"undefined\" (type string) at path \"_id\" for model \"carts\"","name":"CastError","path":"_id","reason":{},"stringValue":"\"undefined\"","value":"undefined","valueType":"string"}
{"kind":"ObjectId","message":"Cast to ObjectId failed for value \"undefined\" (type string) at path \"_id\" for model \"carts\"","name":"CastError","path":"_id","reason":{},"stringValue":"\"undefined\"","value":"undefined","valueType":"string"}
{"kind":"ObjectId","message":"Cast to ObjectId failed for value \"undefined\" (type string) at path \"_id\" for model \"carts\"","name":"CastError","path":"_id","reason":{},"stringValue":"\"undefined\"","value":"undefined","valueType":"string"}
{"kind":"ObjectId","message":"Cast to ObjectId failed for value \"undefined\" (type string) at path \"_id\" for model \"carts\"","name":"CastError","path":"_id","reason":{},"stringValue":"\"undefined\"","value":"undefined","valueType":"string"}
{"kind":"ObjectId","message":"Cast to ObjectId failed for value \"undefined\" (type string) at path \"_id\" for model \"carts\"","name":"CastError","path":"_id","reason":{},"stringValue":"\"undefined\"","value":"undefined","valueType":"string"}
{"kind":"ObjectId","message":"Cast to ObjectId failed for value \"undefined\" (type string) at path \"_id\" for model \"carts\"","name":"CastError","path":"_id","reason":{},"stringValue":"\"undefined\"","value":"undefined","valueType":"string"}
{"kind":"ObjectId","message":"Cast to ObjectId failed for value \"undefined\" (type string) at path \"_id\" for model \"carts\"","name":"CastError","path":"_id","reason":{},"stringValue":"\"undefined\"","value":"undefined","valueType":"string"}
{"kind":"ObjectId","message":"Cast to ObjectId failed for value \"undefined\" (type string) at path \"_id\" for model \"carts\"","name":"CastError","path":"_id","reason":{},"stringValue":"\"undefined\"","value":"undefined","valueType":"string"}
{"kind":"ObjectId","message":"Cast to ObjectId failed for value \"undefined\" (type string) at path \"_id\" for model \"carts\"","name":"CastError","path":"_id","reason":{},"stringValue":"\"undefined\"","value":"undefined","valueType":"string"}
{"kind":"ObjectId","message":"Cast to ObjectId failed for value \"undefined\" (type string) at path \"_id\" for model \"carts\"","name":"CastError","path":"_id","reason":{},"stringValue":"\"undefined\"","value":"undefined","valueType":"string"}
{"kind":"ObjectId","message":"Cast to ObjectId failed for value \"undefined\" (type string) at path \"_id\" for model \"carts\"","name":"CastError","path":"_id","reason":{},"stringValue":"\"undefined\"","value":"undefined","valueType":"string"}
{"kind":"ObjectId","message":"Cast to ObjectId failed for value \"undefined\" (type string) at path \"_id\" for model \"carts\"","name":"CastError","path":"_id","reason":{},"stringValue":"\"undefined\"","value":"undefined","valueType":"string"}
{"kind":"ObjectId","message":"Cast to ObjectId failed for value \"undefined\" (type string) at path \"_id\" for model \"carts\"","name":"CastError","path":"_id","reason":{},"stringValue":"\"undefined\"","value":"undefined","valueType":"string"}
{"kind":"ObjectId","message":"Cast to ObjectId failed for value \"undefined\" (type string) at path \"_id\" for model \"carts\"","name":"CastError","path":"_id","reason":{},"stringValue":"\"undefined\"","value":"undefined","valueType":"string"}
{"level":"error"}
{"kind":"ObjectId","message":"Cast to ObjectId failed for value \"undefined\" (type string) at path \"_id\" for model \"carts\"","name":"CastError","path":"_id","reason":{},"stringValue":"\"undefined\"","value":"undefined","valueType":"string"}
{"kind":"ObjectId","message":"Cast to ObjectId failed for value \"undefined\" (type string) at path \"_id\" for model \"carts\"","name":"CastError","path":"_id","reason":{},"stringValue":"\"undefined\"","value":"undefined","valueType":"string"}
{"kind":"ObjectId","message":"Cast to ObjectId failed for value \"undefined\" (type string) at path \"_id\" for model \"carts\"","name":"CastError","path":"_id","reason":{},"stringValue":"\"undefined\"","value":"undefined","valueType":"string"}
{"kind":"ObjectId","message":"Cast to ObjectId failed for value \"undefined\" (type string) at path \"_id\" for model \"carts\"","name":"CastError","path":"_id","reason":{},"stringValue":"\"undefined\"","value":"undefined","valueType":"string"}
{"kind":"ObjectId","message":"Cast to ObjectId failed for value \"undefined\" (type string) at path \"_id\" for model \"carts\"","name":"CastError","path":"_id","reason":{},"stringValue":"\"undefined\"","value":"undefined","valueType":"string"}
{"kind":"ObjectId","message":"Cast to ObjectId failed for value \"undefined\" (type string) at path \"_id\" for model \"carts\"","name":"CastError","path":"_id","reason":{},"stringValue":"\"undefined\"","value":"undefined","valueType":"string"}
{"kind":"ObjectId","message":"Cast to ObjectId failed for value \"undefined\" (type string) at path \"_id\" for model \"carts\"","name":"CastError","path":"_id","reason":{},"stringValue":"\"undefined\"","value":"undefined","valueType":"string"}
{"kind":"ObjectId","message":"Cast to ObjectId failed for value \"undefined\" (type string) at path \"_id\" for model \"carts\"","name":"CastError","path":"_id","reason":{},"stringValue":"\"undefined\"","value":"undefined","valueType":"string"}
{"level":"error"}
{"level":"error"}
{"email":"angieforero1722@gmail.com","level":"error","message":"New Password Cannot be equal to Old Password","token":"eyJhbGciOiJIUzI1NiIsInR5cCI6IkpXVCJ9.eyJlbWFpbCI6ImFuZ2llZm9yZXJvMTcyMkBnbWFpbC5jb20iLCJpYXQiOjE3MTcwNDA2MDgsImV4cCI6MTcxNzEyNzAwOH0.rNBbuS7GV3KaE0gbC4cY4aR36greXI0pnb-2V8BDq3I"}
{"email":"angieforero1722@gmail.com","level":"error","message":"New Password Cannot be equal to Old Password","token":"eyJhbGciOiJIUzI1NiIsInR5cCI6IkpXVCJ9.eyJlbWFpbCI6ImFuZ2llZm9yZXJvMTcyMkBnbWFpbC5jb20iLCJpYXQiOjE3MTcwNDA2MDgsImV4cCI6MTcxNzEyNzAwOH0.rNBbuS7GV3KaE0gbC4cY4aR36greXI0pnb-2V8BDq3I"}
{"email":"angieforero1722@gmail.com","level":"error","message":"New Password Cannot be equal to Old Password","token":"eyJhbGciOiJIUzI1NiIsInR5cCI6IkpXVCJ9.eyJlbWFpbCI6ImFuZ2llZm9yZXJvMTcyMkBnbWFpbC5jb20iLCJpYXQiOjE3MTcwNDA2MDgsImV4cCI6MTcxNzEyNzAwOH0.rNBbuS7GV3KaE0gbC4cY4aR36greXI0pnb-2V8BDq3I"}
{"email":"angieforero1722@gmail.com","level":"error","message":"New Password Cannot be equal to Old Password","token":"eyJhbGciOiJIUzI1NiIsInR5cCI6IkpXVCJ9.eyJlbWFpbCI6ImFuZ2llZm9yZXJvMTcyMkBnbWFpbC5jb20iLCJpYXQiOjE3MTcwNDA2MDgsImV4cCI6MTcxNzEyNzAwOH0.rNBbuS7GV3KaE0gbC4cY4aR36greXI0pnb-2V8BDq3I"}
{"kind":"ObjectId","message":"Cast to ObjectId failed for value \"undefined\" (type string) at path \"_id\" for model \"carts\"","name":"CastError","path":"_id","reason":{},"stringValue":"\"undefined\"","value":"undefined","valueType":"string"}
{"kind":"ObjectId","message":"Cast to ObjectId failed for value \"undefined\" (type string) at path \"_id\" for model \"carts\"","name":"CastError","path":"_id","reason":{},"stringValue":"\"undefined\"","value":"undefined","valueType":"string"}
{"level":"error"}
{"kind":"ObjectId","message":"Cast to ObjectId failed for value \"undefined\" (type string) at path \"_id\" for model \"carts\"","name":"CastError","path":"_id","reason":{},"stringValue":"\"undefined\"","value":"undefined","valueType":"string"}
{"level":"error"}
{"level":"error"}
{"kind":"ObjectId","message":"Cast to ObjectId failed for value \"58\" (type number) at path \"_id\" for model \"products\"","name":"CastError","path":"_id","reason":{},"stringValue":"\"58\"","value":58,"valueType":"number"}
{"kind":"ObjectId","message":"Cast to ObjectId failed for value \"123\" (type number) at path \"_id\" for model \"products\"","name":"CastError","path":"_id","reason":{},"stringValue":"\"123\"","value":123,"valueType":"number"}
{"kind":"ObjectId","message":"Cast to ObjectId failed for value \"123\" (type number) at path \"_id\" for model \"products\"","name":"CastError","path":"_id","reason":{},"stringValue":"\"123\"","value":123,"valueType":"number"}
{"kind":"ObjectId","message":"Cast to ObjectId failed for value \"66593\" (type number) at path \"_id\" for model \"products\"","name":"CastError","path":"_id","reason":{},"stringValue":"\"66593\"","value":66593,"valueType":"number"}
{"kind":"ObjectId","message":"Cast to ObjectId failed for value \"66593\" (type number) at path \"_id\" for model \"products\"","name":"CastError","path":"_id","reason":{},"stringValue":"\"66593\"","value":66593,"valueType":"number"}
{"kind":"ObjectId","message":"Cast to ObjectId failed for value \"66593\" (type number) at path \"_id\" for model \"products\"","name":"CastError","path":"_id","reason":{},"stringValue":"\"66593\"","value":66593,"valueType":"number"}
{"kind":"ObjectId","message":"Cast to ObjectId failed for value \"66593\" (type number) at path \"_id\" for model \"products\"","name":"CastError","path":"_id","reason":{},"stringValue":"\"66593\"","value":66593,"valueType":"number"}
{"kind":"ObjectId","message":"Cast to ObjectId failed for value \"66593\" (type number) at path \"_id\" for model \"products\"","name":"CastError","path":"_id","reason":{},"stringValue":"\"66593\"","value":66593,"valueType":"number"}
{"code":"ERR_HTTP_HEADERS_SENT","level":"error"}
{"code":"ERR_HTTP_HEADERS_SENT","level":"error"}
{"code":"ERR_HTTP_HEADERS_SENT","level":"error"}
{"kind":"ObjectId","message":"Cast to ObjectId failed for value \"undefined\" (type string) at path \"_id\" for model \"carts\"","name":"CastError","path":"_id","reason":{},"stringValue":"\"undefined\"","value":"undefined","valueType":"string"}
{"kind":"ObjectId","message":"Cast to ObjectId failed for value \"undefined\" (type string) at path \"_id\" for model \"carts\"","name":"CastError","path":"_id","reason":{},"stringValue":"\"undefined\"","value":"undefined","valueType":"string"}
{"code":"ERR_HTTP_HEADERS_SENT","level":"error"}
{"kind":"ObjectId","message":"Cast to ObjectId failed for value \"undefined\" (type string) at path \"_id\" for model \"carts\"","name":"CastError","path":"_id","reason":{},"stringValue":"\"undefined\"","value":"undefined","valueType":"string"}
{"code":"ERR_HTTP_HEADERS_SENT","level":"error"}
{"code":"ERR_HTTP_HEADERS_SENT","level":"error"}
{"code":"ERR_HTTP_HEADERS_SENT","level":"error"}
{"kind":"ObjectId","message":"Cast to ObjectId failed for value \"undefined\" (type string) at path \"_id\" for model \"carts\"","name":"CastError","path":"_id","reason":{},"stringValue":"\"undefined\"","value":"undefined","valueType":"string"}
{"level":"error"}
{"kind":"ObjectId","message":"Cast to ObjectId failed for value \"undefined\" (type string) at path \"_id\" for model \"carts\"","name":"CastError","path":"_id","reason":{},"stringValue":"\"undefined\"","value":"undefined","valueType":"string"}
{"code":"ERR_HTTP_HEADERS_SENT","level":"error"}
{"code":"ERR_HTTP_HEADERS_SENT","level":"error"}
{"code":"ERR_HTTP_HEADERS_SENT","level":"error"}
{"kind":"ObjectId","message":"Cast to ObjectId failed for value \"undefined\" (type string) at path \"_id\" for model \"carts\"","name":"CastError","path":"_id","reason":{},"stringValue":"\"undefined\"","value":"undefined","valueType":"string"}
{"level":"error"}
{"kind":"ObjectId","message":"Cast to ObjectId failed for value \"undefined\" (type string) at path \"_id\" for model \"carts\"","name":"CastError","path":"_id","reason":{},"stringValue":"\"undefined\"","value":"undefined","valueType":"string"}
{"kind":"ObjectId","message":"Cast to ObjectId failed for value \"undefined\" (type string) at path \"_id\" for model \"carts\"","name":"CastError","path":"_id","reason":{},"stringValue":"\"undefined\"","value":"undefined","valueType":"string"}
{"code":"ERR_HTTP_HEADERS_SENT","level":"error"}
{"code":"ERR_HTTP_HEADERS_SENT","level":"error"}
{"code":"ERR_HTTP_HEADERS_SENT","level":"error"}
{"code":"ERR_HTTP_HEADERS_SENT","level":"error"}
{"code":"ERR_HTTP_HEADERS_SENT","level":"error"}
{"code":"ERR_HTTP_HEADERS_SENT","level":"error"}
{"kind":"ObjectId","message":"Cast to ObjectId failed for value \"undefined\" (type string) at path \"_id\" for model \"carts\"","name":"CastError","path":"_id","reason":{},"stringValue":"\"undefined\"","value":"undefined","valueType":"string"}
{"level":"error"}
{"kind":"ObjectId","message":"Cast to ObjectId failed for value \"undefined\" (type string) at path \"_id\" for model \"carts\"","name":"CastError","path":"_id","reason":{},"stringValue":"\"undefined\"","value":"undefined","valueType":"string"}
{"code":"ERR_HTTP_HEADERS_SENT","level":"error"}
{"code":"ERR_HTTP_HEADERS_SENT","level":"error"}
{"code":"ERR_HTTP_HEADERS_SENT","level":"error"}
{"kind":"ObjectId","message":"Cast to ObjectId failed for value \"undefined\" (type string) at path \"_id\" for model \"carts\"","name":"CastError","path":"_id","reason":{},"stringValue":"\"undefined\"","value":"undefined","valueType":"string"}
{"level":"error"}
{"level":"error"}
